Running: /opt/Xilinx/14.7/ISE_DS/ISE/bin/lin64/unwrapped/fuse -intstyle ise -incremental -o /home/ise/Documents/Contador0a5Proj/tb_contador0a5_isim_beh.exe -prj /home/ise/Documents/Contador0a5Proj/tb_contador0a5_beh.prj work.tb_contador0a5 
ISim P.20131013 (signature 0xfbc00daa)
Number of CPUs detected in this system: 1
Turning on mult-threading, number of parallel sub-compilation jobs: 0 
Determining compilation order of HDL files
Parsing VHDL file "/home/ise/Documents/Contador0a5Proj/Contador0a5.vhd" into library work
Parsing VHDL file "/home/ise/Documents/Contador0a5Proj/tb_contador0a5.vhd" into library work
Starting static elaboration
Completed static elaboration
Fuse Memory Usage: 96824 KB
Fuse CPU Usage: 1120 ms
Compiling package standard
Compiling package std_logic_1164
Compiling package numeric_std
Compiling architecture behavioral of entity Contador0a5 [contador0a5_default]
Compiling architecture behavior of entity tb_contador0a5
Time Resolution for simulation is 1ps.
Compiled 6 VHDL Units
Built simulation executable /home/ise/Documents/Contador0a5Proj/tb_contador0a5_isim_beh.exe
Fuse Memory Usage: 111464 KB
Fuse CPU Usage: 1270 ms
GCC CPU Usage: 170 ms
