Release 14.7 - xst P.20131013 (lin64)
Copyright (c) 1995-2013 Xilinx, Inc.  All rights reserved.
--> 
Parameter TMPDIR set to xst/projnav.tmp


Total REAL time to Xst completion: 0.00 secs
Total CPU time to Xst completion: 0.07 secs
 
--> 
Parameter xsthdpdir set to xst


Total REAL time to Xst completion: 0.00 secs
Total CPU time to Xst completion: 0.07 secs
 
--> 
Reading design: Contador0a9.prj

TABLE OF CONTENTS
  1) Synthesis Options Summary
  2) HDL Compilation
  3) Design Hierarchy Analysis
  4) HDL Analysis
  5) HDL Synthesis
     5.1) HDL Synthesis Report
  6) Advanced HDL Synthesis
     6.1) Advanced HDL Synthesis Report
  7) Low Level Synthesis
  8) Partition Report
  9) Final Report
	9.1) Device utilization summary
	9.2) Partition Resource Summary
	9.3) TIMING REPORT


=========================================================================
*                      Synthesis Options Summary                        *
=========================================================================
---- Source Parameters
Input File Name                    : "Contador0a9.prj"
Input Format                       : mixed
Ignore Synthesis Constraint File   : NO

---- Target Parameters
Output File Name                   : "Contador0a9"
Output Format                      : NGC
Target Device                      : xc3s100e-4-cp132

---- Source Options
Top Module Name                    : Contador0a9
Automatic FSM Extraction           : YES
FSM Encoding Algorithm             : Auto
Safe Implementation                : No
FSM Style                          : LUT
RAM Extraction                     : Yes
RAM Style                          : Auto
ROM Extraction                     : Yes
Mux Style                          : Auto
Decoder Extraction                 : YES
Priority Encoder Extraction        : Yes
Shift Register Extraction          : YES
Logical Shifter Extraction         : YES
XOR Collapsing                     : YES
ROM Style                          : Auto
Mux Extraction                     : Yes
Resource Sharing                   : YES
Asynchronous To Synchronous        : NO
Multiplier Style                   : Auto
Automatic Register Balancing       : No

---- Target Options
Add IO Buffers                     : YES
Global Maximum Fanout              : 100000
Add Generic Clock Buffer(BUFG)     : 24
Register Duplication               : YES
Slice Packing                      : YES
Optimize Instantiated Primitives   : NO
Use Clock Enable                   : Yes
Use Synchronous Set                : Yes
Use Synchronous Reset              : Yes
Pack IO Registers into IOBs        : Auto
Equivalent register Removal        : YES

---- General Options
Optimization Goal                  : Speed
Optimization Effort                : 1
Keep Hierarchy                     : No
Netlist Hierarchy                  : As_Optimized
RTL Output                         : Yes
Global Optimization                : AllClockNets
Read Cores                         : YES
Write Timing Constraints           : NO
Cross Clock Analysis               : NO
Hierarchy Separator                : /
Bus Delimiter                      : <>
Case Specifier                     : Maintain
Slice Utilization Ratio            : 100
BRAM Utilization Ratio             : 100
Verilog 2001                       : YES
Auto BRAM Packing                  : NO
Slice Utilization Ratio Delta      : 5

=========================================================================


=========================================================================
*                          HDL Compilation                              *
=========================================================================
Compiling vhdl file "/home/ise/Documents/Contador0a9Proj/Contador0a9.vhd" in Library work.
Entity <contador0a9> compiled.
Entity <contador0a9> (Architecture <behavioral>) compiled.

=========================================================================
*                     Design Hierarchy Analysis                         *
=========================================================================
Analyzing hierarchy for entity <Contador0a9> in library <work> (architecture <behavioral>).


=========================================================================
*                            HDL Analysis                               *
=========================================================================
Analyzing Entity <Contador0a9> in library <work> (Architecture <behavioral>).
WARNING:Xst:819 - "/home/ise/Documents/Contador0a9Proj/Contador0a9.vhd" line 45: One or more signals are missing in the process sensitivity list. To enable synthesis of FPGA/CPLD hardware, XST will assume that all necessary signals are present in the sensitivity list. Please note that the result of the synthesis may differ from the initial design specification. The missing signals are:
   <LAP_ENABLE>, <adjust_debounce>, <internal_count>
Entity <Contador0a9> analyzed. Unit <Contador0a9> generated.


=========================================================================
*                           HDL Synthesis                               *
=========================================================================

Performing bidirectional port resolution...

Synthesizing Unit <Contador0a9>.
    Related source file is "/home/ise/Documents/Contador0a9Proj/Contador0a9.vhd".
INFO:Xst:1608 - Relative priorities of control signals on register <internal_count> differ from those commonly found in the selected device family. This will result in additional logic around the register.
WARNING:Xst:737 - Found 1-bit latch for signal <adjust_debounce>. Latches may be generated from incomplete case or if statements. We do not recommend the use of latches in FPGA/CPLD designs, as they may lead to timing problems.
INFO:Xst:2371 - HDL ADVISOR - Logic functions respectively driving the data and gate enable inputs of this latch share common terms. This situation will potentially lead to setup/hold violations and, as a result, to simulation problems. This situation may come from an incomplete case statement (all selector values are not covered). You should carefully review if it was in your intentions to describe such a latch.
    Found 1-bit register for signal <LAP>.
    Found 4-bit register for signal <internal_count>.
    Found 4-bit adder for signal <internal_count$addsub0000> created at line 57.
    Summary:
	inferred   5 D-type flip-flop(s).
	inferred   1 Adder/Subtractor(s).
Unit <Contador0a9> synthesized.


=========================================================================
HDL Synthesis Report

Macro Statistics
# Adders/Subtractors                                   : 1
 4-bit adder                                           : 1
# Registers                                            : 5
 1-bit register                                        : 5
# Latches                                              : 1
 1-bit latch                                           : 1

=========================================================================

=========================================================================
*                       Advanced HDL Synthesis                          *
=========================================================================


=========================================================================
Advanced HDL Synthesis Report

Macro Statistics
# Adders/Subtractors                                   : 1
 4-bit adder                                           : 1
# Registers                                            : 5
 Flip-Flops                                            : 5
# Latches                                              : 1
 1-bit latch                                           : 1

=========================================================================

=========================================================================
*                         Low Level Synthesis                           *
=========================================================================

Optimizing unit <Contador0a9> ...

Mapping all equations...
Building and optimizing final netlist ...
Found area constraint ratio of 100 (+ 5) on block Contador0a9, actual ratio is 1.

Final Macro Processing ...

=========================================================================
Final Register Report

Macro Statistics
# Registers                                            : 5
 Flip-Flops                                            : 5

=========================================================================

=========================================================================
*                           Partition Report                            *
=========================================================================

Partition Implementation Status
-------------------------------

  No Partitions were found in this design.

-------------------------------

=========================================================================
*                            Final Report                               *
=========================================================================
Final Results
RTL Top Level Output File Name     : Contador0a9.ngr
Top Level Output File Name         : Contador0a9
Output Format                      : NGC
Optimization Goal                  : Speed
Keep Hierarchy                     : No

Design Statistics
# IOs                              : 9

Cell Usage :
# BELS                             : 18
#      INV                         : 1
#      LUT2                        : 1
#      LUT3                        : 8
#      LUT4                        : 8
# FlipFlops/Latches                : 6
#      FDCE                        : 1
#      FDCPE                       : 4
#      LD                          : 1
# Clock Buffers                    : 1
#      BUFGP                       : 1
# IO Buffers                       : 8
#      IBUF                        : 3
#      OBUF                        : 5
=========================================================================

Device utilization summary:
---------------------------

Selected Device : 3s100ecp132-4 

 Number of Slices:                       10  out of    960     1%  
 Number of Slice Flip Flops:              6  out of   1920     0%  
 Number of 4 input LUTs:                 18  out of   1920     0%  
 Number of IOs:                           9
 Number of bonded IOBs:                   9  out of     83    10%  
 Number of GCLKs:                         1  out of     24     4%  

---------------------------
Partition Resource Summary:
---------------------------

  No Partitions were found in this design.

---------------------------


=========================================================================
TIMING REPORT

NOTE: THESE TIMING NUMBERS ARE ONLY A SYNTHESIS ESTIMATE.
      FOR ACCURATE TIMING INFORMATION PLEASE REFER TO THE TRACE REPORT
      GENERATED AFTER PLACE-and-ROUTE.

Clock Information:
------------------
-------------------------------------------------+-------------------------+-------+
Clock Signal                                     | Clock buffer(FF name)   | Load  |
-------------------------------------------------+-------------------------+-------+
CLK                                              | BUFGP                   | 5     |
adjust_debounce_or0000(adjust_debounce_or00002:O)| NONE(*)(adjust_debounce)| 1     |
-------------------------------------------------+-------------------------+-------+
(*) This 1 clock signal(s) are generated by combinatorial logic,
and XST is not able to identify which are the primary clock signals.
Please use the CLOCK_SIGNAL constraint to specify the clock signal(s) generated by combinatorial logic.
INFO:Xst:2169 - HDL ADVISOR - Some clock signals were not automatically buffered by XST with BUFG/BUFR resources. Please use the buffer_type constraint in order to insert these buffers to the clock signals to help prevent skew problems.

Asynchronous Control Signals Information:
----------------------------------------
-----------------------------------------------------+------------------------+-------+
Control Signal                                       | Buffer(FF name)        | Load  |
-----------------------------------------------------+------------------------+-------+
LAP_and0000(LAP_and00001:O)                          | NONE(LAP)              | 1     |
internal_count_0_and0000(internal_count_0_and00001:O)| NONE(internal_count_0) | 1     |
internal_count_0_or0000(internal_count_0_or00001:O)  | NONE(internal_count_0) | 1     |
internal_count_1_and0000(internal_count_1_and00001:O)| NONE(internal_count_1) | 1     |
internal_count_1_or0000(internal_count_1_or00001:O)  | NONE(internal_count_1) | 1     |
internal_count_2_and0000(internal_count_2_and00001:O)| NONE(internal_count_2) | 1     |
internal_count_2_or0000(internal_count_2_or00001:O)  | NONE(internal_count_2) | 1     |
internal_count_3_and0000(internal_count_3_and00001:O)| NONE(internal_count_3) | 1     |
internal_count_3_or0000(internal_count_3_or00001:O)  | NONE(internal_count_3) | 1     |
-----------------------------------------------------+------------------------+-------+

Timing Summary:
---------------
Speed Grade: -4

   Minimum period: 2.843ns (Maximum Frequency: 351.741MHz)
   Minimum input arrival time before clock: 4.033ns
   Maximum output required time after clock: 4.683ns
   Maximum combinational path delay: No path found

Timing Detail:
--------------
All values displayed in nanoseconds (ns)

=========================================================================
Timing constraint: Default period analysis for Clock 'CLK'
  Clock period: 2.843ns (frequency: 351.741MHz)
  Total number of paths / destination ports: 16 / 5
-------------------------------------------------------------------------
Delay:               2.843ns (Levels of Logic = 1)
  Source:            internal_count_0 (FF)
  Destination:       internal_count_0 (FF)
  Source Clock:      CLK rising
  Destination Clock: CLK rising

  Data Path: internal_count_0 to internal_count_0
                                Gate     Net
    Cell:in->out      fanout   Delay   Delay  Logical Name (Net Name)
    ----------------------------------------  ------------
     FDCPE:C->Q            9   0.591   0.820  internal_count_0 (internal_count_0)
     INV:I->O              1   0.704   0.420  internal_count_mux0000<3>1_INV_0 (internal_count_mux0000<3>)
     FDCPE:D                   0.308          internal_count_0
    ----------------------------------------
    Total                      2.843ns (1.603ns logic, 1.240ns route)
                                       (56.4% logic, 43.6% route)

=========================================================================
Timing constraint: Default period analysis for Clock 'adjust_debounce_or0000'
  Clock period: 2.431ns (frequency: 411.353MHz)
  Total number of paths / destination ports: 1 / 1
-------------------------------------------------------------------------
Delay:               2.431ns (Levels of Logic = 1)
  Source:            adjust_debounce (LATCH)
  Destination:       adjust_debounce (LATCH)
  Source Clock:      adjust_debounce_or0000 falling
  Destination Clock: adjust_debounce_or0000 falling

  Data Path: adjust_debounce to adjust_debounce
                                Gate     Net
    Cell:in->out      fanout   Delay   Delay  Logical Name (Net Name)
    ----------------------------------------  ------------
     LD:G->Q               7   0.676   0.743  adjust_debounce (adjust_debounce)
     LUT3:I2->O            1   0.704   0.000  adjust_debounce_and00001 (adjust_debounce_and0000)
     LD:D                      0.308          adjust_debounce
    ----------------------------------------
    Total                      2.431ns (1.688ns logic, 0.743ns route)
                                       (69.4% logic, 30.6% route)

=========================================================================
Timing constraint: Default OFFSET IN BEFORE for Clock 'CLK'
  Total number of paths / destination ports: 6 / 5
-------------------------------------------------------------------------
Offset:              4.033ns (Levels of Logic = 2)
  Source:            LAP_ENABLE (PAD)
  Destination:       LAP (FF)
  Destination Clock: CLK rising

  Data Path: LAP_ENABLE to LAP
                                Gate     Net
    Cell:in->out      fanout   Delay   Delay  Logical Name (Net Name)
    ----------------------------------------  ------------
     IBUF:I->O            12   1.218   1.136  LAP_ENABLE_IBUF (LAP_ENABLE_IBUF)
     LUT2:I0->O            1   0.704   0.420  LAP_and00011 (LAP_and0001)
     FDCE:CE                   0.555          LAP
    ----------------------------------------
    Total                      4.033ns (2.477ns logic, 1.556ns route)
                                       (61.4% logic, 38.6% route)

=========================================================================
Timing constraint: Default OFFSET IN BEFORE for Clock 'adjust_debounce_or0000'
  Total number of paths / destination ports: 2 / 1
-------------------------------------------------------------------------
Offset:              3.366ns (Levels of Logic = 2)
  Source:            LAP_ENABLE (PAD)
  Destination:       adjust_debounce (LATCH)
  Destination Clock: adjust_debounce_or0000 falling

  Data Path: LAP_ENABLE to adjust_debounce
                                Gate     Net
    Cell:in->out      fanout   Delay   Delay  Logical Name (Net Name)
    ----------------------------------------  ------------
     IBUF:I->O            12   1.218   1.136  LAP_ENABLE_IBUF (LAP_ENABLE_IBUF)
     LUT3:I0->O            1   0.704   0.000  adjust_debounce_and00001 (adjust_debounce_and0000)
     LD:D                      0.308          adjust_debounce
    ----------------------------------------
    Total                      3.366ns (2.230ns logic, 1.136ns route)
                                       (66.3% logic, 33.7% route)

=========================================================================
Timing constraint: Default OFFSET OUT AFTER for Clock 'CLK'
  Total number of paths / destination ports: 5 / 5
-------------------------------------------------------------------------
Offset:              4.683ns (Levels of Logic = 1)
  Source:            internal_count_0 (FF)
  Destination:       OUTPUT<0> (PAD)
  Source Clock:      CLK rising

  Data Path: internal_count_0 to OUTPUT<0>
                                Gate     Net
    Cell:in->out      fanout   Delay   Delay  Logical Name (Net Name)
    ----------------------------------------  ------------
     FDCPE:C->Q            9   0.591   0.820  internal_count_0 (internal_count_0)
     OBUF:I->O                 3.272          OUTPUT_0_OBUF (OUTPUT<0>)
    ----------------------------------------
    Total                      4.683ns (3.863ns logic, 0.820ns route)
                                       (82.5% logic, 17.5% route)

=========================================================================


Total REAL time to Xst completion: 10.00 secs
Total CPU time to Xst completion: 9.64 secs
 
--> 


Total memory usage is 608108 kilobytes

Number of errors   :    0 (   0 filtered)
Number of warnings :    2 (   0 filtered)
Number of infos    :    3 (   0 filtered)

