Running: /opt/Xilinx/14.7/ISE_DS/ISE/bin/lin64/unwrapped/fuse -intstyle ise -incremental -o /home/ise/Documents/ContadorHoraMinutoProj/tb_hora_minuto_isim_beh.exe -prj /home/ise/Documents/ContadorHoraMinutoProj/tb_hora_minuto_beh.prj work.tb_hora_minuto 
ISim P.20131013 (signature 0xfbc00daa)
Number of CPUs detected in this system: 1
Turning on mult-threading, number of parallel sub-compilation jobs: 0 
Determining compilation order of HDL files
Parsing VHDL file "/home/ise/Documents/ContadorHoraMinutoProj/../Contador0a9Proj/Contador0a9Reset3OnFlag.vhd" into library work
Parsing VHDL file "/home/ise/Documents/ContadorHoraMinutoProj/../Contador0a9Proj/Contador0a9.vhd" into library work
Parsing VHDL file "/home/ise/Documents/ContadorHoraMinutoProj/../Contador0a5Proj/Contador0a5.vhd" into library work
Parsing VHDL file "/home/ise/Documents/ContadorHoraMinutoProj/../Contador0a2Proj/Contador0a2.vhd" into library work
Parsing VHDL file "/home/ise/Documents/ContadorHoraMinutoProj/../ContadorMinutosProj/ContadorMinutos.vhd" into library work
Parsing VHDL file "/home/ise/Documents/ContadorHoraMinutoProj/../ContadorHorasProj/ContadorHoras.vhd" into library work
Parsing VHDL file "/home/ise/Documents/ContadorHoraMinutoProj/ContadorHoraMinuto.vhd" into library work
Parsing VHDL file "/home/ise/Documents/ContadorHoraMinutoProj/tb_hora_minuto.vhd" into library work
Starting static elaboration
Completed static elaboration
Fuse Memory Usage: 96964 KB
Fuse CPU Usage: 1640 ms
Compiling package standard
Compiling package std_logic_1164
Compiling package numeric_std
Compiling architecture behavioral of entity Contador0a2 [contador0a2_default]
Compiling architecture behavioral of entity Contador0a9Reset3OnFlag [contador0a9reset3onflag_default]
Compiling architecture behavioral of entity ContadorHoras [contadorhoras_default]
Compiling architecture behavioral of entity Contador0a5 [contador0a5_default]
Compiling architecture behavioral of entity Contador0a9 [contador0a9_default]
Compiling architecture behavioral of entity ContadorMinutos [contadorminutos_default]
Compiling architecture behavioral of entity ContadorHoraMinuto [contadorhoraminuto_default]
Compiling architecture behavior of entity tb_hora_minuto
Time Resolution for simulation is 1ps.
Compiled 18 VHDL Units
Built simulation executable /home/ise/Documents/ContadorHoraMinutoProj/tb_hora_minuto_isim_beh.exe
Fuse Memory Usage: 111824 KB
Fuse CPU Usage: 1870 ms
GCC CPU Usage: 490 ms
