Release 14.7 - xst P.20131013 (lin64)
Copyright (c) 1995-2013 Xilinx, Inc.  All rights reserved.
--> 
Parameter TMPDIR set to xst/projnav.tmp


Total REAL time to Xst completion: 0.00 secs
Total CPU time to Xst completion: 0.09 secs
 
--> 
Parameter xsthdpdir set to xst


Total REAL time to Xst completion: 0.00 secs
Total CPU time to Xst completion: 0.09 secs
 
--> 
Reading design: ContadorMinutos.prj

TABLE OF CONTENTS
  1) Synthesis Options Summary
  2) HDL Compilation
  3) Design Hierarchy Analysis
  4) HDL Analysis
  5) HDL Synthesis
     5.1) HDL Synthesis Report
  6) Advanced HDL Synthesis
     6.1) Advanced HDL Synthesis Report
  7) Low Level Synthesis
  8) Partition Report
  9) Final Report
	9.1) Device utilization summary
	9.2) Partition Resource Summary
	9.3) TIMING REPORT


=========================================================================
*                      Synthesis Options Summary                        *
=========================================================================
---- Source Parameters
Input File Name                    : "ContadorMinutos.prj"
Input Format                       : mixed
Ignore Synthesis Constraint File   : NO

---- Target Parameters
Output File Name                   : "ContadorMinutos"
Output Format                      : NGC
Target Device                      : xc3s100e-4-cp132

---- Source Options
Top Module Name                    : ContadorMinutos
Automatic FSM Extraction           : YES
FSM Encoding Algorithm             : Auto
Safe Implementation                : No
FSM Style                          : LUT
RAM Extraction                     : Yes
RAM Style                          : Auto
ROM Extraction                     : Yes
Mux Style                          : Auto
Decoder Extraction                 : YES
Priority Encoder Extraction        : Yes
Shift Register Extraction          : YES
Logical Shifter Extraction         : YES
XOR Collapsing                     : YES
ROM Style                          : Auto
Mux Extraction                     : Yes
Resource Sharing                   : YES
Asynchronous To Synchronous        : NO
Multiplier Style                   : Auto
Automatic Register Balancing       : No

---- Target Options
Add IO Buffers                     : YES
Global Maximum Fanout              : 100000
Add Generic Clock Buffer(BUFG)     : 24
Register Duplication               : YES
Slice Packing                      : YES
Optimize Instantiated Primitives   : NO
Use Clock Enable                   : Yes
Use Synchronous Set                : Yes
Use Synchronous Reset              : Yes
Pack IO Registers into IOBs        : Auto
Equivalent register Removal        : YES

---- General Options
Optimization Goal                  : Speed
Optimization Effort                : 1
Keep Hierarchy                     : No
Netlist Hierarchy                  : As_Optimized
RTL Output                         : Yes
Global Optimization                : AllClockNets
Read Cores                         : YES
Write Timing Constraints           : NO
Cross Clock Analysis               : NO
Hierarchy Separator                : /
Bus Delimiter                      : <>
Case Specifier                     : Maintain
Slice Utilization Ratio            : 100
BRAM Utilization Ratio             : 100
Verilog 2001                       : YES
Auto BRAM Packing                  : NO
Slice Utilization Ratio Delta      : 5

=========================================================================


=========================================================================
*                          HDL Compilation                              *
=========================================================================
Compiling vhdl file "/home/ise/Documents/Contador0a5Proj/Contador0a5.vhd" in Library work.
Architecture behavioral of Entity contador0a5 is up to date.
Compiling vhdl file "/home/ise/Documents/Contador0a9Proj/Contador0a9.vhd" in Library work.
Architecture behavioral of Entity contador0a9 is up to date.
Compiling vhdl file "/home/ise/Documents/ContadorMinutosProj/ContadorMinutos.vhd" in Library work.
Architecture behavioral of Entity contadorminutos is up to date.

=========================================================================
*                     Design Hierarchy Analysis                         *
=========================================================================
Analyzing hierarchy for entity <ContadorMinutos> in library <work> (architecture <behavioral>).

Analyzing hierarchy for entity <Contador0a5> in library <work> (architecture <behavioral>).

Analyzing hierarchy for entity <Contador0a9> in library <work> (architecture <behavioral>).


=========================================================================
*                            HDL Analysis                               *
=========================================================================
Analyzing Entity <ContadorMinutos> in library <work> (Architecture <behavioral>).
Entity <ContadorMinutos> analyzed. Unit <ContadorMinutos> generated.

Analyzing Entity <Contador0a5> in library <work> (Architecture <behavioral>).
WARNING:Xst:819 - "/home/ise/Documents/Contador0a5Proj/Contador0a5.vhd" line 37: One or more signals are missing in the process sensitivity list. To enable synthesis of FPGA/CPLD hardware, XST will assume that all necessary signals are present in the sensitivity list. Please note that the result of the synthesis may differ from the initial design specification. The missing signals are:
   <LAP_ENABLE>, <adjust_debounce>, <internal_count>
Entity <Contador0a5> analyzed. Unit <Contador0a5> generated.

Analyzing Entity <Contador0a9> in library <work> (Architecture <behavioral>).
WARNING:Xst:819 - "/home/ise/Documents/Contador0a9Proj/Contador0a9.vhd" line 45: One or more signals are missing in the process sensitivity list. To enable synthesis of FPGA/CPLD hardware, XST will assume that all necessary signals are present in the sensitivity list. Please note that the result of the synthesis may differ from the initial design specification. The missing signals are:
   <LAP_ENABLE>, <adjust_debounce>, <internal_count>
Entity <Contador0a9> analyzed. Unit <Contador0a9> generated.


=========================================================================
*                           HDL Synthesis                               *
=========================================================================

Performing bidirectional port resolution...

Synthesizing Unit <Contador0a5>.
    Related source file is "/home/ise/Documents/Contador0a5Proj/Contador0a5.vhd".
INFO:Xst:1608 - Relative priorities of control signals on register <internal_count> differ from those commonly found in the selected device family. This will result in additional logic around the register.
WARNING:Xst:737 - Found 1-bit latch for signal <adjust_debounce>. Latches may be generated from incomplete case or if statements. We do not recommend the use of latches in FPGA/CPLD designs, as they may lead to timing problems.
INFO:Xst:2371 - HDL ADVISOR - Logic functions respectively driving the data and gate enable inputs of this latch share common terms. This situation will potentially lead to setup/hold violations and, as a result, to simulation problems. This situation may come from an incomplete case statement (all selector values are not covered). You should carefully review if it was in your intentions to describe such a latch.
    Found 1-bit register for signal <LAP>.
    Found 4-bit register for signal <internal_count>.
    Found 4-bit adder for signal <internal_count$addsub0000> created at line 50.
    Summary:
	inferred   5 D-type flip-flop(s).
	inferred   1 Adder/Subtractor(s).
Unit <Contador0a5> synthesized.


Synthesizing Unit <Contador0a9>.
    Related source file is "/home/ise/Documents/Contador0a9Proj/Contador0a9.vhd".
INFO:Xst:1608 - Relative priorities of control signals on register <internal_count> differ from those commonly found in the selected device family. This will result in additional logic around the register.
WARNING:Xst:737 - Found 1-bit latch for signal <adjust_debounce>. Latches may be generated from incomplete case or if statements. We do not recommend the use of latches in FPGA/CPLD designs, as they may lead to timing problems.
INFO:Xst:2371 - HDL ADVISOR - Logic functions respectively driving the data and gate enable inputs of this latch share common terms. This situation will potentially lead to setup/hold violations and, as a result, to simulation problems. This situation may come from an incomplete case statement (all selector values are not covered). You should carefully review if it was in your intentions to describe such a latch.
    Found 1-bit register for signal <LAP>.
    Found 4-bit register for signal <internal_count>.
    Found 4-bit adder for signal <internal_count$addsub0000> created at line 57.
    Summary:
	inferred   5 D-type flip-flop(s).
	inferred   1 Adder/Subtractor(s).
Unit <Contador0a9> synthesized.


Synthesizing Unit <ContadorMinutos>.
    Related source file is "/home/ise/Documents/ContadorMinutosProj/ContadorMinutos.vhd".
Unit <ContadorMinutos> synthesized.


=========================================================================
HDL Synthesis Report

Macro Statistics
# Adders/Subtractors                                   : 2
 4-bit adder                                           : 2
# Registers                                            : 10
 1-bit register                                        : 10
# Latches                                              : 2
 1-bit latch                                           : 2

=========================================================================

=========================================================================
*                       Advanced HDL Synthesis                          *
=========================================================================


=========================================================================
Advanced HDL Synthesis Report

Macro Statistics
# Adders/Subtractors                                   : 2
 4-bit adder                                           : 2
# Registers                                            : 10
 Flip-Flops                                            : 10
# Latches                                              : 2
 1-bit latch                                           : 2

=========================================================================

=========================================================================
*                         Low Level Synthesis                           *
=========================================================================

Optimizing unit <ContadorMinutos> ...

Optimizing unit <Contador0a5> ...

Optimizing unit <Contador0a9> ...

Mapping all equations...
Building and optimizing final netlist ...
Found area constraint ratio of 100 (+ 5) on block ContadorMinutos, actual ratio is 2.

Final Macro Processing ...

=========================================================================
Final Register Report

Macro Statistics
# Registers                                            : 10
 Flip-Flops                                            : 10

=========================================================================

=========================================================================
*                           Partition Report                            *
=========================================================================

Partition Implementation Status
-------------------------------

  No Partitions were found in this design.

-------------------------------

=========================================================================
*                            Final Report                               *
=========================================================================
Final Results
RTL Top Level Output File Name     : ContadorMinutos.ngr
Top Level Output File Name         : ContadorMinutos
Output Format                      : NGC
Optimization Goal                  : Speed
Keep Hierarchy                     : No

Design Statistics
# IOs                              : 14

Cell Usage :
# BELS                             : 35
#      INV                         : 2
#      LUT2                        : 1
#      LUT3                        : 15
#      LUT4                        : 17
# FlipFlops/Latches                : 12
#      FDCE                        : 2
#      FDCPE                       : 8
#      LD                          : 2
# Clock Buffers                    : 1
#      BUFGP                       : 1
# IO Buffers                       : 13
#      IBUF                        : 4
#      OBUF                        : 9
=========================================================================

Device utilization summary:
---------------------------

Selected Device : 3s100ecp132-4 

 Number of Slices:                       19  out of    960     1%  
 Number of Slice Flip Flops:             12  out of   1920     0%  
 Number of 4 input LUTs:                 35  out of   1920     1%  
 Number of IOs:                          14
 Number of bonded IOBs:                  14  out of     83    16%  
 Number of GCLKs:                         1  out of     24     4%  

---------------------------
Partition Resource Summary:
---------------------------

  No Partitions were found in this design.

---------------------------


=========================================================================
TIMING REPORT

NOTE: THESE TIMING NUMBERS ARE ONLY A SYNTHESIS ESTIMATE.
      FOR ACCURATE TIMING INFORMATION PLEASE REFER TO THE TRACE REPORT
      GENERATED AFTER PLACE-and-ROUTE.

Clock Information:
------------------
-----------------------------------------------------------------------------------+------------------------------------------+-------+
Clock Signal                                                                       | Clock buffer(FF name)                    | Load  |
-----------------------------------------------------------------------------------+------------------------------------------+-------+
Inst_Contador0a5/adjust_debounce_or0000(Inst_Contador0a5/adjust_debounce_or00002:O)| NONE(*)(Inst_Contador0a5/adjust_debounce)| 1     |
Inst_Contador0a9/LAP                                                               | NONE(Inst_Contador0a5/internal_count_0)  | 5     |
Inst_Contador0a9/adjust_debounce_or0000(Inst_Contador0a9/adjust_debounce_or00002:O)| NONE(*)(Inst_Contador0a9/adjust_debounce)| 1     |
CLK                                                                                | BUFGP                                    | 5     |
-----------------------------------------------------------------------------------+------------------------------------------+-------+
(*) These 2 clock signal(s) are generated by combinatorial logic,
and XST is not able to identify which are the primary clock signals.
Please use the CLOCK_SIGNAL constraint to specify the clock signal(s) generated by combinatorial logic.
INFO:Xst:2169 - HDL ADVISOR - Some clock signals were not automatically buffered by XST with BUFG/BUFR resources. Please use the buffer_type constraint in order to insert these buffers to the clock signals to help prevent skew problems.

Asynchronous Control Signals Information:
----------------------------------------
---------------------------------------------------------------------------------------+----------------------------------------+-------+
Control Signal                                                                         | Buffer(FF name)                        | Load  |
---------------------------------------------------------------------------------------+----------------------------------------+-------+
Inst_Contador0a5/LAP_and0000(Inst_Contador0a5/LAP_and00001:O)                          | NONE(Inst_Contador0a5/LAP)             | 1     |
Inst_Contador0a5/internal_count_0_and0000(Inst_Contador0a5/internal_count_0_and00001:O)| NONE(Inst_Contador0a5/internal_count_0)| 1     |
Inst_Contador0a5/internal_count_0_or0000(Inst_Contador0a5/internal_count_0_or00001:O)  | NONE(Inst_Contador0a5/internal_count_0)| 1     |
Inst_Contador0a5/internal_count_1_and0000(Inst_Contador0a5/internal_count_1_and00001:O)| NONE(Inst_Contador0a5/internal_count_1)| 1     |
Inst_Contador0a5/internal_count_1_or0000(Inst_Contador0a5/internal_count_1_or00001:O)  | NONE(Inst_Contador0a5/internal_count_1)| 1     |
Inst_Contador0a5/internal_count_2_and0000(Inst_Contador0a5/internal_count_2_and00001:O)| NONE(Inst_Contador0a5/internal_count_2)| 1     |
Inst_Contador0a5/internal_count_2_or0000(Inst_Contador0a5/internal_count_2_or00001:O)  | NONE(Inst_Contador0a5/internal_count_2)| 1     |
Inst_Contador0a5/internal_count_3_and0000(Inst_Contador0a5/internal_count_3_and00001:O)| NONE(Inst_Contador0a5/internal_count_3)| 1     |
Inst_Contador0a5/internal_count_3_or0000(Inst_Contador0a5/internal_count_3_or00001:O)  | NONE(Inst_Contador0a5/internal_count_3)| 1     |
Inst_Contador0a9/LAP_and0000(Inst_Contador0a9/LAP_and00001:O)                          | NONE(Inst_Contador0a9/LAP)             | 1     |
Inst_Contador0a9/internal_count_0_and0000(Inst_Contador0a9/internal_count_0_and00001:O)| NONE(Inst_Contador0a9/internal_count_0)| 1     |
Inst_Contador0a9/internal_count_0_or0000(Inst_Contador0a9/internal_count_0_or00001:O)  | NONE(Inst_Contador0a9/internal_count_0)| 1     |
Inst_Contador0a9/internal_count_1_and0000(Inst_Contador0a9/internal_count_1_and00001:O)| NONE(Inst_Contador0a9/internal_count_1)| 1     |
Inst_Contador0a9/internal_count_1_or0000(Inst_Contador0a9/internal_count_1_or00001:O)  | NONE(Inst_Contador0a9/internal_count_1)| 1     |
Inst_Contador0a9/internal_count_2_and0000(Inst_Contador0a9/internal_count_2_and00001:O)| NONE(Inst_Contador0a9/internal_count_2)| 1     |
Inst_Contador0a9/internal_count_2_or0000(Inst_Contador0a9/internal_count_2_or00001:O)  | NONE(Inst_Contador0a9/internal_count_2)| 1     |
Inst_Contador0a9/internal_count_3_and0000(Inst_Contador0a9/internal_count_3_and00001:O)| NONE(Inst_Contador0a9/internal_count_3)| 1     |
Inst_Contador0a9/internal_count_3_or0000(Inst_Contador0a9/internal_count_3_or00001:O)  | NONE(Inst_Contador0a9/internal_count_3)| 1     |
---------------------------------------------------------------------------------------+----------------------------------------+-------+

Timing Summary:
---------------
Speed Grade: -4

   Minimum period: 2.843ns (Maximum Frequency: 351.741MHz)
   Minimum input arrival time before clock: 4.351ns
   Maximum output required time after clock: 4.683ns
   Maximum combinational path delay: No path found

Timing Detail:
--------------
All values displayed in nanoseconds (ns)

=========================================================================
Timing constraint: Default period analysis for Clock 'Inst_Contador0a5/adjust_debounce_or0000'
  Clock period: 2.480ns (frequency: 403.226MHz)
  Total number of paths / destination ports: 1 / 1
-------------------------------------------------------------------------
Delay:               2.480ns (Levels of Logic = 1)
  Source:            Inst_Contador0a5/adjust_debounce (LATCH)
  Destination:       Inst_Contador0a5/adjust_debounce (LATCH)
  Source Clock:      Inst_Contador0a5/adjust_debounce_or0000 falling
  Destination Clock: Inst_Contador0a5/adjust_debounce_or0000 falling

  Data Path: Inst_Contador0a5/adjust_debounce to Inst_Contador0a5/adjust_debounce
                                Gate     Net
    Cell:in->out      fanout   Delay   Delay  Logical Name (Net Name)
    ----------------------------------------  ------------
     LD:G->Q               8   0.676   0.792  Inst_Contador0a5/adjust_debounce (Inst_Contador0a5/adjust_debounce)
     LUT3:I2->O            1   0.704   0.000  Inst_Contador0a5/adjust_debounce_and00001 (Inst_Contador0a5/adjust_debounce_and0000)
     LD:D                      0.308          Inst_Contador0a5/adjust_debounce
    ----------------------------------------
    Total                      2.480ns (1.688ns logic, 0.792ns route)
                                       (68.1% logic, 31.9% route)

=========================================================================
Timing constraint: Default period analysis for Clock 'Inst_Contador0a9/LAP'
  Clock period: 2.780ns (frequency: 359.712MHz)
  Total number of paths / destination ports: 17 / 5
-------------------------------------------------------------------------
Delay:               2.780ns (Levels of Logic = 1)
  Source:            Inst_Contador0a5/internal_count_0 (FF)
  Destination:       Inst_Contador0a5/internal_count_0 (FF)
  Source Clock:      Inst_Contador0a9/LAP rising
  Destination Clock: Inst_Contador0a9/LAP rising

  Data Path: Inst_Contador0a5/internal_count_0 to Inst_Contador0a5/internal_count_0
                                Gate     Net
    Cell:in->out      fanout   Delay   Delay  Logical Name (Net Name)
    ----------------------------------------  ------------
     FDCPE:C->Q            8   0.591   0.757  Inst_Contador0a5/internal_count_0 (Inst_Contador0a5/internal_count_0)
     INV:I->O              1   0.704   0.420  Inst_Contador0a5/internal_count_mux0000<3>1_INV_0 (Inst_Contador0a5/internal_count_mux0000<3>)
     FDCPE:D                   0.308          Inst_Contador0a5/internal_count_0
    ----------------------------------------
    Total                      2.780ns (1.603ns logic, 1.177ns route)
                                       (57.7% logic, 42.3% route)

=========================================================================
Timing constraint: Default period analysis for Clock 'Inst_Contador0a9/adjust_debounce_or0000'
  Clock period: 2.431ns (frequency: 411.353MHz)
  Total number of paths / destination ports: 1 / 1
-------------------------------------------------------------------------
Delay:               2.431ns (Levels of Logic = 1)
  Source:            Inst_Contador0a9/adjust_debounce (LATCH)
  Destination:       Inst_Contador0a9/adjust_debounce (LATCH)
  Source Clock:      Inst_Contador0a9/adjust_debounce_or0000 falling
  Destination Clock: Inst_Contador0a9/adjust_debounce_or0000 falling

  Data Path: Inst_Contador0a9/adjust_debounce to Inst_Contador0a9/adjust_debounce
                                Gate     Net
    Cell:in->out      fanout   Delay   Delay  Logical Name (Net Name)
    ----------------------------------------  ------------
     LD:G->Q               7   0.676   0.743  Inst_Contador0a9/adjust_debounce (Inst_Contador0a9/adjust_debounce)
     LUT3:I2->O            1   0.704   0.000  Inst_Contador0a9/adjust_debounce_and00001 (Inst_Contador0a9/adjust_debounce_and0000)
     LD:D                      0.308          Inst_Contador0a9/adjust_debounce
    ----------------------------------------
    Total                      2.431ns (1.688ns logic, 0.743ns route)
                                       (69.4% logic, 30.6% route)

=========================================================================
Timing constraint: Default period analysis for Clock 'CLK'
  Clock period: 2.843ns (frequency: 351.741MHz)
  Total number of paths / destination ports: 16 / 5
-------------------------------------------------------------------------
Delay:               2.843ns (Levels of Logic = 1)
  Source:            Inst_Contador0a9/internal_count_0 (FF)
  Destination:       Inst_Contador0a9/internal_count_0 (FF)
  Source Clock:      CLK rising
  Destination Clock: CLK rising

  Data Path: Inst_Contador0a9/internal_count_0 to Inst_Contador0a9/internal_count_0
                                Gate     Net
    Cell:in->out      fanout   Delay   Delay  Logical Name (Net Name)
    ----------------------------------------  ------------
     FDCPE:C->Q            9   0.591   0.820  Inst_Contador0a9/internal_count_0 (Inst_Contador0a9/internal_count_0)
     INV:I->O              1   0.704   0.420  Inst_Contador0a9/internal_count_mux0000<3>1_INV_0 (Inst_Contador0a9/internal_count_mux0000<3>)
     FDCPE:D                   0.308          Inst_Contador0a9/internal_count_0
    ----------------------------------------
    Total                      2.843ns (1.603ns logic, 1.240ns route)
                                       (56.4% logic, 43.6% route)

=========================================================================
Timing constraint: Default OFFSET IN BEFORE for Clock 'Inst_Contador0a5/adjust_debounce_or0000'
  Total number of paths / destination ports: 2 / 1
-------------------------------------------------------------------------
Offset:              3.657ns (Levels of Logic = 2)
  Source:            LAP_ENABLE (PAD)
  Destination:       Inst_Contador0a5/adjust_debounce (LATCH)
  Destination Clock: Inst_Contador0a5/adjust_debounce_or0000 falling

  Data Path: LAP_ENABLE to Inst_Contador0a5/adjust_debounce
                                Gate     Net
    Cell:in->out      fanout   Delay   Delay  Logical Name (Net Name)
    ----------------------------------------  ------------
     IBUF:I->O            24   1.218   1.427  LAP_ENABLE_IBUF (LAP_ENABLE_IBUF)
     LUT3:I0->O            1   0.704   0.000  Inst_Contador0a5/adjust_debounce_and00001 (Inst_Contador0a5/adjust_debounce_and0000)
     LD:D                      0.308          Inst_Contador0a5/adjust_debounce
    ----------------------------------------
    Total                      3.657ns (2.230ns logic, 1.427ns route)
                                       (61.0% logic, 39.0% route)

=========================================================================
Timing constraint: Default OFFSET IN BEFORE for Clock 'Inst_Contador0a9/LAP'
  Total number of paths / destination ports: 6 / 5
-------------------------------------------------------------------------
Offset:              4.351ns (Levels of Logic = 2)
  Source:            LAP_ENABLE (PAD)
  Destination:       Inst_Contador0a5/LAP (FF)
  Destination Clock: Inst_Contador0a9/LAP rising

  Data Path: LAP_ENABLE to Inst_Contador0a5/LAP
                                Gate     Net
    Cell:in->out      fanout   Delay   Delay  Logical Name (Net Name)
    ----------------------------------------  ------------
     IBUF:I->O            24   1.218   1.427  LAP_ENABLE_IBUF (LAP_ENABLE_IBUF)
     LUT2:I0->O            2   0.704   0.447  Inst_Contador0a9/LAP_and00011 (Inst_Contador0a5/LAP_and0001)
     FDCE:CE                   0.555          Inst_Contador0a5/LAP
    ----------------------------------------
    Total                      4.351ns (2.477ns logic, 1.874ns route)
                                       (56.9% logic, 43.1% route)

=========================================================================
Timing constraint: Default OFFSET IN BEFORE for Clock 'Inst_Contador0a9/adjust_debounce_or0000'
  Total number of paths / destination ports: 2 / 1
-------------------------------------------------------------------------
Offset:              3.657ns (Levels of Logic = 2)
  Source:            LAP_ENABLE (PAD)
  Destination:       Inst_Contador0a9/adjust_debounce (LATCH)
  Destination Clock: Inst_Contador0a9/adjust_debounce_or0000 falling

  Data Path: LAP_ENABLE to Inst_Contador0a9/adjust_debounce
                                Gate     Net
    Cell:in->out      fanout   Delay   Delay  Logical Name (Net Name)
    ----------------------------------------  ------------
     IBUF:I->O            24   1.218   1.427  LAP_ENABLE_IBUF (LAP_ENABLE_IBUF)
     LUT3:I0->O            1   0.704   0.000  Inst_Contador0a9/adjust_debounce_and00001 (Inst_Contador0a9/adjust_debounce_and0000)
     LD:D                      0.308          Inst_Contador0a9/adjust_debounce
    ----------------------------------------
    Total                      3.657ns (2.230ns logic, 1.427ns route)
                                       (61.0% logic, 39.0% route)

=========================================================================
Timing constraint: Default OFFSET IN BEFORE for Clock 'CLK'
  Total number of paths / destination ports: 6 / 5
-------------------------------------------------------------------------
Offset:              4.351ns (Levels of Logic = 2)
  Source:            LAP_ENABLE (PAD)
  Destination:       Inst_Contador0a9/LAP (FF)
  Destination Clock: CLK rising

  Data Path: LAP_ENABLE to Inst_Contador0a9/LAP
                                Gate     Net
    Cell:in->out      fanout   Delay   Delay  Logical Name (Net Name)
    ----------------------------------------  ------------
     IBUF:I->O            24   1.218   1.427  LAP_ENABLE_IBUF (LAP_ENABLE_IBUF)
     LUT2:I0->O            2   0.704   0.447  Inst_Contador0a9/LAP_and00011 (Inst_Contador0a5/LAP_and0001)
     FDCE:CE                   0.555          Inst_Contador0a9/LAP
    ----------------------------------------
    Total                      4.351ns (2.477ns logic, 1.874ns route)
                                       (56.9% logic, 43.1% route)

=========================================================================
Timing constraint: Default OFFSET OUT AFTER for Clock 'Inst_Contador0a9/LAP'
  Total number of paths / destination ports: 5 / 5
-------------------------------------------------------------------------
Offset:              4.620ns (Levels of Logic = 1)
  Source:            Inst_Contador0a5/internal_count_0 (FF)
  Destination:       OUTPUT<4> (PAD)
  Source Clock:      Inst_Contador0a9/LAP rising

  Data Path: Inst_Contador0a5/internal_count_0 to OUTPUT<4>
                                Gate     Net
    Cell:in->out      fanout   Delay   Delay  Logical Name (Net Name)
    ----------------------------------------  ------------
     FDCPE:C->Q            8   0.591   0.757  Inst_Contador0a5/internal_count_0 (Inst_Contador0a5/internal_count_0)
     OBUF:I->O                 3.272          OUTPUT_4_OBUF (OUTPUT<4>)
    ----------------------------------------
    Total                      4.620ns (3.863ns logic, 0.757ns route)
                                       (83.6% logic, 16.4% route)

=========================================================================
Timing constraint: Default OFFSET OUT AFTER for Clock 'CLK'
  Total number of paths / destination ports: 4 / 4
-------------------------------------------------------------------------
Offset:              4.683ns (Levels of Logic = 1)
  Source:            Inst_Contador0a9/internal_count_0 (FF)
  Destination:       OUTPUT<0> (PAD)
  Source Clock:      CLK rising

  Data Path: Inst_Contador0a9/internal_count_0 to OUTPUT<0>
                                Gate     Net
    Cell:in->out      fanout   Delay   Delay  Logical Name (Net Name)
    ----------------------------------------  ------------
     FDCPE:C->Q            9   0.591   0.820  Inst_Contador0a9/internal_count_0 (Inst_Contador0a9/internal_count_0)
     OBUF:I->O                 3.272          OUTPUT_0_OBUF (OUTPUT<0>)
    ----------------------------------------
    Total                      4.683ns (3.863ns logic, 0.820ns route)
                                       (82.5% logic, 17.5% route)

=========================================================================


Total REAL time to Xst completion: 10.00 secs
Total CPU time to Xst completion: 9.75 secs
 
--> 


Total memory usage is 609064 kilobytes

Number of errors   :    0 (   0 filtered)
Number of warnings :    4 (   0 filtered)
Number of infos    :    5 (   0 filtered)

