Release 14.7 - xst P.20131013 (lin64)
Copyright (c) 1995-2013 Xilinx, Inc.  All rights reserved.
--> 
Parameter TMPDIR set to xst/projnav.tmp


Total REAL time to Xst completion: 0.00 secs
Total CPU time to Xst completion: 0.08 secs
 
--> 
Parameter xsthdpdir set to xst


Total REAL time to Xst completion: 0.00 secs
Total CPU time to Xst completion: 0.08 secs
 
--> 
Reading design: ControladorDemuxDisplay.prj

TABLE OF CONTENTS
  1) Synthesis Options Summary
  2) HDL Compilation
  3) Design Hierarchy Analysis
  4) HDL Analysis
  5) HDL Synthesis
     5.1) HDL Synthesis Report
  6) Advanced HDL Synthesis
     6.1) Advanced HDL Synthesis Report
  7) Low Level Synthesis
  8) Partition Report
  9) Final Report
	9.1) Device utilization summary
	9.2) Partition Resource Summary
	9.3) TIMING REPORT


=========================================================================
*                      Synthesis Options Summary                        *
=========================================================================
---- Source Parameters
Input File Name                    : "ControladorDemuxDisplay.prj"
Input Format                       : mixed
Ignore Synthesis Constraint File   : NO

---- Target Parameters
Output File Name                   : "ControladorDemuxDisplay"
Output Format                      : NGC
Target Device                      : xc3s100e-4-cp132

---- Source Options
Top Module Name                    : ControladorDemuxDisplay
Automatic FSM Extraction           : YES
FSM Encoding Algorithm             : Auto
Safe Implementation                : No
FSM Style                          : LUT
RAM Extraction                     : Yes
RAM Style                          : Auto
ROM Extraction                     : Yes
Mux Style                          : Auto
Decoder Extraction                 : YES
Priority Encoder Extraction        : Yes
Shift Register Extraction          : YES
Logical Shifter Extraction         : YES
XOR Collapsing                     : YES
ROM Style                          : Auto
Mux Extraction                     : Yes
Resource Sharing                   : YES
Asynchronous To Synchronous        : NO
Multiplier Style                   : Auto
Automatic Register Balancing       : No

---- Target Options
Add IO Buffers                     : YES
Global Maximum Fanout              : 100000
Add Generic Clock Buffer(BUFG)     : 24
Register Duplication               : YES
Slice Packing                      : YES
Optimize Instantiated Primitives   : NO
Use Clock Enable                   : Yes
Use Synchronous Set                : Yes
Use Synchronous Reset              : Yes
Pack IO Registers into IOBs        : Auto
Equivalent register Removal        : YES

---- General Options
Optimization Goal                  : Speed
Optimization Effort                : 1
Keep Hierarchy                     : No
Netlist Hierarchy                  : As_Optimized
RTL Output                         : Yes
Global Optimization                : AllClockNets
Read Cores                         : YES
Write Timing Constraints           : NO
Cross Clock Analysis               : NO
Hierarchy Separator                : /
Bus Delimiter                      : <>
Case Specifier                     : Maintain
Slice Utilization Ratio            : 100
BRAM Utilization Ratio             : 100
Verilog 2001                       : YES
Auto BRAM Packing                  : NO
Slice Utilization Ratio Delta      : 5

=========================================================================


=========================================================================
*                          HDL Compilation                              *
=========================================================================
Compiling vhdl file "/home/ise/Documents/Contador0a3Proj/Contador0a3.vhd" in Library work.
Architecture behavioral of Entity contador0a3 is up to date.
Compiling vhdl file "/home/ise/Documents/ControladorDemuxProj/ControladorDemuxDisplay.vhd" in Library work.
Entity <controladordemuxdisplay> compiled.
Entity <controladordemuxdisplay> (Architecture <behavioral>) compiled.

=========================================================================
*                     Design Hierarchy Analysis                         *
=========================================================================
Analyzing hierarchy for entity <ControladorDemuxDisplay> in library <work> (architecture <behavioral>).

Analyzing hierarchy for entity <Contador0a3> in library <work> (architecture <behavioral>).


=========================================================================
*                            HDL Analysis                               *
=========================================================================
Analyzing Entity <ControladorDemuxDisplay> in library <work> (Architecture <behavioral>).
INFO:Xst:1561 - "/home/ise/Documents/ControladorDemuxProj/ControladorDemuxDisplay.vhd" line 103: Mux is complete : default of case is discarded
WARNING:Xst:2211 - "/home/ise/Documents/ControladorDemuxProj/ControladorDemuxDisplay.vhd" line 125: Instantiating black box module <Demux4x1bit_rest1>.
Entity <ControladorDemuxDisplay> analyzed. Unit <ControladorDemuxDisplay> generated.

Analyzing Entity <Contador0a3> in library <work> (Architecture <behavioral>).
WARNING:Xst:819 - "/home/ise/Documents/Contador0a3Proj/Contador0a3.vhd" line 39: One or more signals are missing in the process sensitivity list. To enable synthesis of FPGA/CPLD hardware, XST will assume that all necessary signals are present in the sensitivity list. Please note that the result of the synthesis may differ from the initial design specification. The missing signals are:
   <LAP_ENABLE>, <adjust_debounce>, <internal_count>
Entity <Contador0a3> analyzed. Unit <Contador0a3> generated.


=========================================================================
*                           HDL Synthesis                               *
=========================================================================

Performing bidirectional port resolution...

Synthesizing Unit <Contador0a3>.
    Related source file is "/home/ise/Documents/Contador0a3Proj/Contador0a3.vhd".
WARNING:Xst:2109 - Contents of latch <adjust_debounce> never changes during circuit operation. The latch is removed and the signal is tied to value 0.
    Found 1-bit register for signal <LAP>.
    Found 4-bit register for signal <internal_count>.
    Found 4-bit adder for signal <internal_count$addsub0000> created at line 52.
    Summary:
	inferred   5 D-type flip-flop(s).
	inferred   1 Adder/Subtractor(s).
Unit <Contador0a3> synthesized.


Synthesizing Unit <ControladorDemuxDisplay>.
    Related source file is "/home/ise/Documents/ControladorDemuxProj/ControladorDemuxDisplay.vhd".
WARNING:Xst:646 - Signal <unused_signal_3> is assigned but never used. This unconnected signal will be trimmed during the optimization process.
WARNING:Xst:646 - Signal <unused_signal_2> is assigned but never used. This unconnected signal will be trimmed during the optimization process.
WARNING:Xst:646 - Signal <unused_signal> is assigned but never used. This unconnected signal will be trimmed during the optimization process.
Unit <ControladorDemuxDisplay> synthesized.


=========================================================================
HDL Synthesis Report

Macro Statistics
# Adders/Subtractors                                   : 1
 4-bit adder                                           : 1
# Registers                                            : 2
 1-bit register                                        : 1
 4-bit register                                        : 1

=========================================================================

=========================================================================
*                       Advanced HDL Synthesis                          *
=========================================================================


=========================================================================
Advanced HDL Synthesis Report

Macro Statistics
# Adders/Subtractors                                   : 1
 4-bit adder                                           : 1
# Registers                                            : 5
 Flip-Flops                                            : 5

=========================================================================

=========================================================================
*                         Low Level Synthesis                           *
=========================================================================

Optimizing unit <ControladorDemuxDisplay> ...

Optimizing unit <Contador0a3> ...
WARNING:Xst:2677 - Node <Inst_Contador0a3/LAP> of sequential type is unconnected in block <ControladorDemuxDisplay>.
WARNING:Xst:2677 - Node <Inst_Contador0a3/internal_count_3> of sequential type is unconnected in block <ControladorDemuxDisplay>.
WARNING:Xst:2677 - Node <Inst_Contador0a3/internal_count_2> of sequential type is unconnected in block <ControladorDemuxDisplay>.

Mapping all equations...
WARNING:Xst:2036 - Inserting OBUF on port <OUT1> driven by black box <Demux4x1bit_rest1>. Possible simulation mismatch.
WARNING:Xst:2036 - Inserting OBUF on port <OUT2> driven by black box <Demux4x1bit_rest1>. Possible simulation mismatch.
WARNING:Xst:2036 - Inserting OBUF on port <OUT3> driven by black box <Demux4x1bit_rest1>. Possible simulation mismatch.
WARNING:Xst:2036 - Inserting OBUF on port <OUT4> driven by black box <Demux4x1bit_rest1>. Possible simulation mismatch.
Building and optimizing final netlist ...
Found area constraint ratio of 100 (+ 5) on block ControladorDemuxDisplay, actual ratio is 0.

Final Macro Processing ...

=========================================================================
Final Register Report

Macro Statistics
# Registers                                            : 2
 Flip-Flops                                            : 2

=========================================================================

=========================================================================
*                           Partition Report                            *
=========================================================================

Partition Implementation Status
-------------------------------

  No Partitions were found in this design.

-------------------------------

=========================================================================
*                            Final Report                               *
=========================================================================
Final Results
RTL Top Level Output File Name     : ControladorDemuxDisplay.ngr
Top Level Output File Name         : ControladorDemuxDisplay
Output Format                      : NGC
Optimization Goal                  : Speed
Keep Hierarchy                     : No

Design Statistics
# IOs                              : 13

Cell Usage :
# BELS                             : 5
#      INV                         : 1
#      LUT2                        : 1
#      LUT4                        : 1
#      MUXF5                       : 1
#      VCC                         : 1
# FlipFlops/Latches                : 2
#      FDC                         : 2
# Clock Buffers                    : 1
#      BUFGP                       : 1
# IO Buffers                       : 12
#      IBUF                        : 5
#      OBUF                        : 7
# Others                           : 1
#      Demux4x1bit_rest1           : 1
=========================================================================

Device utilization summary:
---------------------------

Selected Device : 3s100ecp132-4 

 Number of Slices:                        2  out of    960     0%  
 Number of Slice Flip Flops:              2  out of   1920     0%  
 Number of 4 input LUTs:                  3  out of   1920     0%  
 Number of IOs:                          13
 Number of bonded IOBs:                  13  out of     83    15%  
 Number of GCLKs:                         1  out of     24     4%  

---------------------------
Partition Resource Summary:
---------------------------

  No Partitions were found in this design.

---------------------------


=========================================================================
TIMING REPORT

NOTE: THESE TIMING NUMBERS ARE ONLY A SYNTHESIS ESTIMATE.
      FOR ACCURATE TIMING INFORMATION PLEASE REFER TO THE TRACE REPORT
      GENERATED AFTER PLACE-and-ROUTE.

Clock Information:
------------------
-----------------------------------+------------------------+-------+
Clock Signal                       | Clock buffer(FF name)  | Load  |
-----------------------------------+------------------------+-------+
SHIFT                              | BUFGP                  | 2     |
-----------------------------------+------------------------+-------+

Asynchronous Control Signals Information:
----------------------------------------
-----------------------------------+------------------------+-------+
Control Signal                     | Buffer(FF name)        | Load  |
-----------------------------------+------------------------+-------+
RST                                | IBUF                   | 2     |
-----------------------------------+------------------------+-------+

Timing Summary:
---------------
Speed Grade: -4

   Minimum period: 2.610ns (Maximum Frequency: 383.142MHz)
   Minimum input arrival time before clock: No path found
   Maximum output required time after clock: 6.014ns
   Maximum combinational path delay: 6.434ns

Timing Detail:
--------------
All values displayed in nanoseconds (ns)

=========================================================================
Timing constraint: Default period analysis for Clock 'SHIFT'
  Clock period: 2.610ns (frequency: 383.142MHz)
  Total number of paths / destination ports: 3 / 2
-------------------------------------------------------------------------
Delay:               2.610ns (Levels of Logic = 1)
  Source:            Inst_Contador0a3/internal_count_0 (FF)
  Destination:       Inst_Contador0a3/internal_count_0 (FF)
  Source Clock:      SHIFT rising
  Destination Clock: SHIFT rising

  Data Path: Inst_Contador0a3/internal_count_0 to Inst_Contador0a3/internal_count_0
                                Gate     Net
    Cell:in->out      fanout   Delay   Delay  Logical Name (Net Name)
    ----------------------------------------  ------------
     FDC:C->Q              4   0.591   0.587  Inst_Contador0a3/internal_count_0 (Inst_Contador0a3/internal_count_0)
     INV:I->O              1   0.704   0.420  Inst_Contador0a3/internal_count_mux0000<3>1_INV_0 (Inst_Contador0a3/internal_count_mux0000<3>)
     FDC:D                     0.308          Inst_Contador0a3/internal_count_0
    ----------------------------------------
    Total                      2.610ns (1.603ns logic, 1.007ns route)
                                       (61.4% logic, 38.6% route)

=========================================================================
Timing constraint: Default OFFSET OUT AFTER for Clock 'SHIFT'
  Total number of paths / destination ports: 6 / 5
-------------------------------------------------------------------------
Offset:              6.014ns (Levels of Logic = 3)
  Source:            Inst_Contador0a3/internal_count_1 (FF)
  Destination:       DOT (PAD)
  Source Clock:      SHIFT rising

  Data Path: Inst_Contador0a3/internal_count_1 to DOT
                                Gate     Net
    Cell:in->out      fanout   Delay   Delay  Logical Name (Net Name)
    ----------------------------------------  ------------
     FDC:C->Q              3   0.591   0.706  Inst_Contador0a3/internal_count_1 (Inst_Contador0a3/internal_count_1)
     LUT4:I0->O            1   0.704   0.000  DOT1 (DOT1)
     MUXF5:I0->O           1   0.321   0.420  DOT_f5 (DOT_OBUF)
     OBUF:I->O                 3.272          DOT_OBUF (DOT)
    ----------------------------------------
    Total                      6.014ns (4.888ns logic, 1.126ns route)
                                       (81.3% logic, 18.7% route)

=========================================================================
Timing constraint: Default path analysis
  Total number of paths / destination ports: 8 / 6
-------------------------------------------------------------------------
Delay:               6.434ns (Levels of Logic = 4)
  Source:            DOT_SEL<1> (PAD)
  Destination:       DOT (PAD)

  Data Path: DOT_SEL<1> to DOT
                                Gate     Net
    Cell:in->out      fanout   Delay   Delay  Logical Name (Net Name)
    ----------------------------------------  ------------
     IBUF:I->O             1   1.218   0.499  DOT_SEL_1_IBUF (DOT_SEL_1_IBUF)
     LUT4:I1->O            1   0.704   0.000  DOT1 (DOT1)
     MUXF5:I0->O           1   0.321   0.420  DOT_f5 (DOT_OBUF)
     OBUF:I->O                 3.272          DOT_OBUF (DOT)
    ----------------------------------------
    Total                      6.434ns (5.515ns logic, 0.919ns route)
                                       (85.7% logic, 14.3% route)

=========================================================================


Total REAL time to Xst completion: 11.00 secs
Total CPU time to Xst completion: 10.63 secs
 
--> 


Total memory usage is 608068 kilobytes

Number of errors   :    0 (   0 filtered)
Number of warnings :   13 (   0 filtered)
Number of infos    :    1 (   0 filtered)

